2016-11-22 00:43:23,569  INFO AppStart:48 - Starting AppStart on Ison-Dell with PID 8652 (E:\java\jee\Spring\spring-security\target\classes started by Ison in E:\java\jee\Spring\spring-security)
2016-11-22 00:43:23,578  INFO AppStart:661 - No active profile set, falling back to default profiles: default
2016-11-22 00:43:24,054  INFO AnnotationConfigEmbeddedWebApplicationContext:581 - Refreshing org.springframework.boot.context.embedded.AnnotationConfigEmbeddedWebApplicationContext@cd3fee8: startup date [Tue Nov 22 00:43:24 CST 2016]; root of context hierarchy
2016-11-22 00:43:25,205  INFO Version:30 - HV000001: Hibernate Validator 5.2.4.Final
2016-11-22 00:43:29,757  INFO PostProcessorRegistrationDelegate$BeanPostProcessorChecker:328 - Bean 'org.springframework.transaction.annotation.ProxyTransactionManagementConfiguration' of type [class org.springframework.transaction.annotation.ProxyTransactionManagementConfiguration$$EnhancerBySpringCGLIB$$bca4077c] is not eligible for getting processed by all BeanPostProcessors (for example: not eligible for auto-proxying)
2016-11-22 00:43:29,979  INFO PostProcessorRegistrationDelegate$BeanPostProcessorChecker:328 - Bean 'org.springframework.security.config.annotation.configuration.ObjectPostProcessorConfiguration' of type [class org.springframework.security.config.annotation.configuration.ObjectPostProcessorConfiguration$$EnhancerBySpringCGLIB$$5551cfb6] is not eligible for getting processed by all BeanPostProcessors (for example: not eligible for auto-proxying)
2016-11-22 00:43:29,994  INFO PostProcessorRegistrationDelegate$BeanPostProcessorChecker:328 - Bean 'objectPostProcessor' of type [class org.springframework.security.config.annotation.configuration.AutowireBeanFactoryObjectPostProcessor] is not eligible for getting processed by all BeanPostProcessors (for example: not eligible for auto-proxying)
2016-11-22 00:43:29,998  INFO PostProcessorRegistrationDelegate$BeanPostProcessorChecker:328 - Bean 'org.springframework.security.access.expression.method.DefaultMethodSecurityExpressionHandler@7e94d093' of type [class org.springframework.security.access.expression.method.DefaultMethodSecurityExpressionHandler] is not eligible for getting processed by all BeanPostProcessors (for example: not eligible for auto-proxying)
2016-11-22 00:43:30,008  INFO PostProcessorRegistrationDelegate$BeanPostProcessorChecker:328 - Bean 'org.springframework.security.config.annotation.method.configuration.GlobalMethodSecurityConfiguration' of type [class org.springframework.security.config.annotation.method.configuration.GlobalMethodSecurityConfiguration$$EnhancerBySpringCGLIB$$7a267268] is not eligible for getting processed by all BeanPostProcessors (for example: not eligible for auto-proxying)
2016-11-22 00:43:30,048  INFO PostProcessorRegistrationDelegate$BeanPostProcessorChecker:328 - Bean 'methodSecurityMetadataSource' of type [class org.springframework.security.access.method.DelegatingMethodSecurityMetadataSource] is not eligible for getting processed by all BeanPostProcessors (for example: not eligible for auto-proxying)
2016-11-22 00:43:31,770  INFO TomcatEmbeddedServletContainer:87 - Tomcat initialized with port(s): 8080 (http)
2016-11-22 00:43:32,263  INFO ContextLoader:276 - Root WebApplicationContext: initialization completed in 8223 ms
2016-11-22 00:43:32,848  INFO FilterRegistrationBean:258 - Mapping filter: 'characterEncodingFilter' to: [/*]
2016-11-22 00:43:32,849  INFO FilterRegistrationBean:258 - Mapping filter: 'hiddenHttpMethodFilter' to: [/*]
2016-11-22 00:43:32,850  INFO FilterRegistrationBean:258 - Mapping filter: 'httpPutFormContentFilter' to: [/*]
2016-11-22 00:43:32,850  INFO FilterRegistrationBean:258 - Mapping filter: 'requestContextFilter' to: [/*]
2016-11-22 00:43:32,854  INFO DelegatingFilterProxyRegistrationBean:258 - Mapping filter: 'springSecurityFilterChain' to: [/*]
2016-11-22 00:43:32,854  INFO ServletRegistrationBean:190 - Mapping servlet: 'dispatcherServlet' to [/]
2016-11-22 00:43:34,519  INFO LocalContainerEntityManagerFactoryBean:349 - Building JPA container EntityManagerFactory for persistence unit 'default'
2016-11-22 00:43:34,619  INFO LogHelper:31 - HHH000204: Processing PersistenceUnitInfo [
	name: default
	...]
2016-11-22 00:43:35,010  INFO Version:37 - HHH000412: Hibernate Core {5.0.11.Final}
2016-11-22 00:43:35,012  INFO Environment:213 - HHH000206: hibernate.properties not found
2016-11-22 00:43:35,015  INFO Environment:317 - HHH000021: Bytecode provider name : javassist
2016-11-22 00:43:35,216  INFO Version:66 - HCANN000001: Hibernate Commons Annotations {5.0.1.Final}
2016-11-22 00:43:35,812  INFO Dialect:156 - HHH000400: Using dialect: org.hibernate.dialect.MySQL5Dialect
2016-11-22 00:43:37,892  INFO LocalContainerEntityManagerFactoryBean:382 - Initialized JPA EntityManagerFactory for persistence unit 'default'
2016-11-22 00:43:40,538  INFO DefaultSecurityFilterChain:43 - Creating filter chain: org.springframework.security.web.util.matcher.AnyRequestMatcher@1, [org.springframework.security.web.context.request.async.WebAsyncManagerIntegrationFilter@1b8d20e6, org.springframework.security.web.context.SecurityContextPersistenceFilter@72001c71, org.springframework.security.web.header.HeaderWriterFilter@342a1f84, org.springframework.security.web.csrf.CsrfFilter@22ff1372, org.springframework.security.web.authentication.logout.LogoutFilter@333a44f2, org.springframework.security.web.authentication.UsernamePasswordAuthenticationFilter@14dbfdb1, org.springframework.security.web.savedrequest.RequestCacheAwareFilter@1e5aacd9, org.springframework.security.web.servletapi.SecurityContextHolderAwareRequestFilter@120411ec, org.springframework.security.web.authentication.AnonymousAuthenticationFilter@e49437, org.springframework.security.web.session.SessionManagementFilter@70b196d3, org.springframework.security.web.access.ExceptionTranslationFilter@58636b50, org.springframework.security.web.access.intercept.FilterSecurityInterceptor@2f038d3c]
2016-11-22 00:43:40,846  INFO RequestMappingHandlerAdapter:534 - Looking for @ControllerAdvice: org.springframework.boot.context.embedded.AnnotationConfigEmbeddedWebApplicationContext@cd3fee8: startup date [Tue Nov 22 00:43:24 CST 2016]; root of context hierarchy
2016-11-22 00:43:41,104  INFO RequestMappingHandlerMapping:543 - Mapped "{[/]}" onto public java.lang.String cn.ptp.controller.IndexController.index(org.springframework.ui.Model)
2016-11-22 00:43:41,109  INFO RequestMappingHandlerMapping:543 - Mapped "{[/test]}" onto public java.lang.String cn.ptp.controller.IndexController.test()
2016-11-22 00:43:41,109  INFO RequestMappingHandlerMapping:543 - Mapped "{[/myerror]}" onto public java.lang.String cn.ptp.controller.IndexController.myerror() throws cn.ptp.exception.MyException
2016-11-22 00:43:41,110  INFO RequestMappingHandlerMapping:543 - Mapped "{[/login]}" onto public java.lang.String cn.ptp.controller.IndexController.login(java.lang.String,java.lang.String,org.springframework.ui.Model)
2016-11-22 00:43:41,115  INFO RequestMappingHandlerMapping:543 - Mapped "{[/message/]}" onto public java.lang.String cn.ptp.controller.MessageController.index(org.springframework.ui.Model)
2016-11-22 00:43:41,115  INFO RequestMappingHandlerMapping:543 - Mapped "{[/message/add],methods=[POST]}" onto public java.lang.String cn.ptp.controller.MessageController.add(java.lang.String,java.lang.String,cn.ptp.entity.Message)
2016-11-22 00:43:41,116  INFO RequestMappingHandlerMapping:543 - Mapped "{[/message/update],methods=[POST]}" onto public java.lang.String cn.ptp.controller.MessageController.update(long,java.lang.String,java.lang.String,cn.ptp.entity.Message)
2016-11-22 00:43:41,116  INFO RequestMappingHandlerMapping:543 - Mapped "{[/message/delete/{id}],methods=[GET]}" onto public java.lang.String cn.ptp.controller.MessageController.delete(int,cn.ptp.entity.Message)
2016-11-22 00:43:41,117  INFO RequestMappingHandlerMapping:543 - Mapped "{[/message/json],methods=[GET],produces=[application/json;charset=utf-8]}" onto public java.lang.String cn.ptp.controller.MessageController.json()
2016-11-22 00:43:41,117  INFO RequestMappingHandlerMapping:543 - Mapped "{[/message/paged],methods=[GET]}" onto public java.lang.String cn.ptp.controller.MessageController.paged(int,int,org.springframework.ui.Model)
2016-11-22 00:43:41,118  INFO RequestMappingHandlerMapping:543 - Mapped "{[/message/edit/{id}],methods=[GET]}" onto public java.lang.String cn.ptp.controller.MessageController.edit(int,org.springframework.ui.Model,cn.ptp.entity.Message)
2016-11-22 00:43:41,119  INFO RequestMappingHandlerMapping:543 - Mapped "{[/message/sql],methods=[GET]}" onto public java.lang.String cn.ptp.controller.MessageController.sql(java.lang.String,cn.ptp.entity.Message)
2016-11-22 00:43:41,126  INFO RequestMappingHandlerMapping:543 - Mapped "{[/user/]}" onto public java.lang.String cn.ptp.controller.UserController.index(org.springframework.ui.Model)
2016-11-22 00:43:41,127  INFO RequestMappingHandlerMapping:543 - Mapped "{[/user/add],methods=[POST]}" onto public java.lang.String cn.ptp.controller.UserController.add(java.lang.String,java.lang.String,java.lang.String,cn.ptp.entity.User)
2016-11-22 00:43:41,127  INFO RequestMappingHandlerMapping:543 - Mapped "{[/user/update],methods=[POST]}" onto public java.lang.String cn.ptp.controller.UserController.update(long,java.lang.String,java.lang.String,java.lang.String,cn.ptp.entity.User)
2016-11-22 00:43:41,128  INFO RequestMappingHandlerMapping:543 - Mapped "{[/user/delete/{id}],methods=[GET]}" onto public java.lang.String cn.ptp.controller.UserController.delete(int,cn.ptp.entity.User)
2016-11-22 00:43:41,129  INFO RequestMappingHandlerMapping:543 - Mapped "{[/user/paged],methods=[GET]}" onto public java.lang.String cn.ptp.controller.UserController.paged(int,int,org.springframework.ui.Model)
2016-11-22 00:43:41,129  INFO RequestMappingHandlerMapping:543 - Mapped "{[/user/edit/{id}],methods=[GET]}" onto public java.lang.String cn.ptp.controller.UserController.edit(int,org.springframework.ui.Model,cn.ptp.entity.User)
2016-11-22 00:43:41,130  INFO RequestMappingHandlerMapping:543 - Mapped "{[/user/sql],methods=[GET]}" onto public java.lang.String cn.ptp.controller.UserController.sql(org.springframework.ui.Model)
2016-11-22 00:43:41,133  INFO RequestMappingHandlerMapping:543 - Mapped "{[/error]}" onto public org.springframework.http.ResponseEntity<java.util.Map<java.lang.String, java.lang.Object>> org.springframework.boot.autoconfigure.web.BasicErrorController.error(javax.servlet.http.HttpServletRequest)
2016-11-22 00:43:41,133  INFO RequestMappingHandlerMapping:543 - Mapped "{[/error],produces=[text/html]}" onto public org.springframework.web.servlet.ModelAndView org.springframework.boot.autoconfigure.web.BasicErrorController.errorHtml(javax.servlet.http.HttpServletRequest,javax.servlet.http.HttpServletResponse)
2016-11-22 00:43:41,218  INFO SimpleUrlHandlerMapping:354 - Mapped URL path [/webjars/**] onto handler of type [class org.springframework.web.servlet.resource.ResourceHttpRequestHandler]
2016-11-22 00:43:41,219  INFO SimpleUrlHandlerMapping:354 - Mapped URL path [/**] onto handler of type [class org.springframework.web.servlet.resource.ResourceHttpRequestHandler]
2016-11-22 00:43:41,252  INFO ExceptionHandlerExceptionResolver:269 - Detected @ExceptionHandler methods in globalExceptionHandler
2016-11-22 00:43:41,308  INFO SimpleUrlHandlerMapping:354 - Mapped URL path [/**/favicon.ico] onto handler of type [class org.springframework.web.servlet.resource.ResourceHttpRequestHandler]
2016-11-22 00:43:41,471  INFO WebMvcAutoConfiguration$WelcomePageHandlerMapping:509 - Adding welcome page: ServletContext resource [/index.html]
2016-11-22 00:43:41,886  INFO FreeMarkerConfigurer:127 - ClassTemplateLoader for Spring macros added to FreeMarker configuration
2016-11-22 00:43:42,287  INFO AnnotationMBeanExporter:431 - Registering beans for JMX exposure on startup
2016-11-22 00:43:42,482  INFO TomcatEmbeddedServletContainer:185 - Tomcat started on port(s): 8080 (http)
2016-11-22 00:43:42,490  INFO AppStart:57 - Started AppStart in 21.597 seconds (JVM running for 23.718)
2016-11-22 00:43:53,520  INFO DispatcherServlet:489 - FrameworkServlet 'dispatcherServlet': initialization started
2016-11-22 00:43:53,580  INFO DispatcherServlet:508 - FrameworkServlet 'dispatcherServlet': initialization completed in 59 ms
2016-11-22 00:44:07,719  INFO QueryTranslatorFactoryInitiator:47 - HHH000397: Using ASTQueryTranslatorFactory
